Sun Dec 17 2017 13:28:06 GMT-0500 (EST): GET /about
Sun Dec 17 2017 13:28:55 GMT-0500 (EST): GET /
Sun Dec 17 2017 13:33:00 GMT-0500 (EST): GET /
Sun Dec 17 2017 13:33:10 GMT-0500 (EST): GET /maintanence
Sun Dec 17 2017 13:33:20 GMT-0500 (EST): GET /maintenance
Sun Dec 17 2017 13:34:28 GMT-0500 (EST): GET /maintanence
Sun Dec 17 2017 13:34:41 GMT-0500 (EST): GET /maintenance
Sun Dec 17 2017 13:35:05 GMT-0500 (EST): GET /maintenance
Sun Dec 17 2017 13:35:29 GMT-0500 (EST): GET /maintenance
Sun Dec 17 2017 13:38:18 GMT-0500 (EST): GET /maintenance
Sun Dec 17 2017 14:47:23 GMT-0500 (EST): GET /
Sun Dec 17 2017 14:47:25 GMT-0500 (EST): GET /
Sun Dec 17 2017 14:47:27 GMT-0500 (EST): GET /about
Sun Dec 17 2017 15:05:16 GMT-0500 (EST): GET /about
Sun Dec 17 2017 15:05:23 GMT-0500 (EST): GET /projects
Sun Dec 17 2017 15:06:04 GMT-0500 (EST): GET /projects
Sun Dec 17 2017 15:06:15 GMT-0500 (EST): GET /projects
Sun Dec 17 2017 15:10:34 GMT-0500 (EST): GET /projects
Sun Dec 17 2017 15:11:01 GMT-0500 (EST): GET /projects
Sun Dec 17 2017 15:11:05 GMT-0500 (EST): GET /
Sun Dec 17 2017 15:11:07 GMT-0500 (EST): GET /about
Sun Dec 17 2017 15:11:09 GMT-0500 (EST): GET /projects
Sun Dec 17 2017 15:12:02 GMT-0500 (EST): GET /
Sun Dec 17 2017 15:12:03 GMT-0500 (EST): GET /about
Sun Dec 17 2017 15:12:07 GMT-0500 (EST): GET /projects
